Arguments: 
  /usr/local/bin/node /usr/local/bin/yarn publish

PATH: 
  /usr/local/sbin:/usr/local/bin:/usr/sbin:/usr/bin:/sbin:/bin:/usr/games:/usr/local/games:/snap/bin

Yarn version: 
  1.22.19

Node version: 
  16.17.0

Platform: 
  linux x64

Trace: 
  Error: https://registry.yarnpkg.com/-/user/org.couchdb.user:zuhanit: failed to authenticate: Could not authenticate zuhanit: bad password
      at Request.params.callback [as _callback] (/usr/local/lib/node_modules/yarn/lib/cli.js:66145:18)
      at Request.self.callback (/usr/local/lib/node_modules/yarn/lib/cli.js:140890:22)
      at Request.emit (node:events:513:28)
      at Request.<anonymous> (/usr/local/lib/node_modules/yarn/lib/cli.js:141862:10)
      at Request.emit (node:events:513:28)
      at IncomingMessage.<anonymous> (/usr/local/lib/node_modules/yarn/lib/cli.js:141784:12)
      at Object.onceWrapper (node:events:627:28)
      at IncomingMessage.emit (node:events:525:35)
      at endReadableNT (node:internal/streams/readable:1358:12)
      at processTicksAndRejections (node:internal/process/task_queues:83:21)

npm manifest: 
  {
    "name": "eps-server",
    "description": "Language Server for epScript.",
    "version": "1.0.10",
    "author": "Zuhanit",
    "publisher": "zuhanit",
    "license": "MIT",
    "engines": {
      "node": "*"
    },
    "repository": {
      "type": "git",
      "url": "https://github.com/Microsoft/vscode-extension-samples"
    },
    "dependencies": {
      "@types/i18next": "^13.0.0",
      "antlr4-c3": "^2.2.1",
      "comment-parser": "^1.3.1",
      "glob": "^7.2.0",
      "i18next": "^21.6.10",
      "vscode-languageserver": "^7.0.0",
      "vscode-languageserver-textdocument": "^1.0.1",
      "vscode-uri": "^3.0.3"
    },
    "devDependencies": {
      "@types/chai": "^4.3.0",
      "@types/mocha": "^9.0.0",
      "antlr4ts": "^0.5.0-alpha.4",
      "antlr4ts-cli": "^0.5.0-alpha.4",
      "chai": "^4.3.4",
      "mocha": "^9.1.3",
      "ts-node": "^10.4.0"
    },
    "scripts": {
      "mocha-test": "mocha */test/**/*.test.ts -r ts-node/register",
      "antlr-compile-windows": "antlr4ts -o ./src/grammar/src/grammar/lib -visitor ./src/grammar/lib/epScriptLexer.g4 ./src/grammar/lib/epScriptParser.g4",
      "antlr-compile-linux": "cd src/grammar/lib && antlr4ts epScriptLexer.g4 epScriptParser.g4 -o ../src/grammar/lib"
    }
  }

yarn manifest: 
  No manifest

Lockfile: 
  No lockfile
